[error] sbt.librarymanagement.ResolveException: Error downloading com.typesafe.play:play-json_3.1:2.10.0-RC2
[error]   Not found
[error]   Not found
[error]   not found: C:\Users\Sebastian\.ivy2\local\com.typesafe.play\play-json_3.1\2.10.0-RC2\ivys\ivy.xml
[error]   not found: https://repo1.maven.org/maven2/com/typesafe/play/play-json_3.1/2.10.0-RC2/play-json_3.1-2.10.0-RC2.pom
[error] Error downloading org.scalactic:scalactic_3.1:3.2.7
[error]   Not found
[error]   Not found
[error]   not found: C:\Users\Sebastian\.ivy2\local\org.scalactic\scalactic_3.1\3.2.7\ivys\ivy.xml
[error]   not found: https://repo1.maven.org/maven2/org/scalactic/scalactic_3.1/3.2.7/scalactic_3.1-3.2.7.pom
[error] Error downloading org.scala-lang:scala-library:3.1.1
[error]   Not found
[error]   Not found
[error]   not found: C:\Users\Sebastian\.ivy2\local\org.scala-lang\scala-library\3.1.1\ivys\ivy.xml
[error]   not found: https://repo1.maven.org/maven2/org/scala-lang/scala-library/3.1.1/scala-library-3.1.1.pom
[error] Error downloading net.codingwell:scala-guice_3.1:5.0.1
[error]   Not found
[error]   Not found
[error]   not found: C:\Users\Sebastian\.ivy2\local\net.codingwell\scala-guice_3.1\5.0.1\ivys\ivy.xml
[error]   not found: https://repo1.maven.org/maven2/net/codingwell/scala-guice_3.1/5.0.1/scala-guice_3.1-5.0.1.pom
[error] Error downloading org.scalafx:scalafx_3.1:15.0.1-R21
[error]   Not found
[error]   Not found
[error]   not found: C:\Users\Sebastian\.ivy2\local\org.scalafx\scalafx_3.1\15.0.1-R21\ivys\ivy.xml
[error]   not found: https://repo1.maven.org/maven2/org/scalafx/scalafx_3.1/15.0.1-R21/scalafx_3.1-15.0.1-R21.pom
[error] 	at lmcoursier.CoursierDependencyResolution.unresolvedWarningOrThrow(CoursierDependencyResolution.scala:258)
[error] 	at lmcoursier.CoursierDependencyResolution.$anonfun$update$38(CoursierDependencyResolution.scala:227)
[error] 	at scala.util.Either$LeftProjection.map(Either.scala:573)
[error] 	at lmcoursier.CoursierDependencyResolution.update(CoursierDependencyResolution.scala:227)
[error] 	at sbt.librarymanagement.DependencyResolution.update(DependencyResolution.scala:60)
[error] 	at sbt.internal.LibraryManagement$.resolve$1(LibraryManagement.scala:53)
[error] 	at sbt.internal.LibraryManagement$.$anonfun$cachedUpdate$12(LibraryManagement.scala:103)
[error] 	at sbt.util.Tracked$.$anonfun$lastOutput$1(Tracked.scala:73)
[error] 	at sbt.internal.LibraryManagement$.$anonfun$cachedUpdate$20(LibraryManagement.scala:116)
[error] 	at scala.util.control.Exception$Catch.apply(Exception.scala:228)
[error] 	at sbt.internal.LibraryManagement$.$anonfun$cachedUpdate$11(LibraryManagement.scala:116)
[error] 	at sbt.internal.LibraryManagement$.$anonfun$cachedUpdate$11$adapted(LibraryManagement.scala:97)
[error] 	at sbt.util.Tracked$.$anonfun$inputChangedW$1(Tracked.scala:219)
[error] 	at sbt.internal.LibraryManagement$.cachedUpdate(LibraryManagement.scala:130)
[error] 	at sbt.Classpaths$.$anonfun$updateTask0$5(Defaults.scala:3484)
[error] 	at scala.Function1.$anonfun$compose$1(Function1.scala:49)
[error] 	at sbt.internal.util.$tilde$greater.$anonfun$$u2219$1(TypeFunctions.scala:62)
[error] 	at sbt.std.Transform$$anon$4.work(Transform.scala:68)
[error] 	at sbt.Execute.$anonfun$submit$2(Execute.scala:282)
[error] 	at sbt.internal.util.ErrorHandling$.wideConvert(ErrorHandling.scala:23)
[error] 	at sbt.Execute.work(Execute.scala:291)
[error] 	at sbt.Execute.$anonfun$submit$1(Execute.scala:282)
[error] 	at sbt.ConcurrentRestrictions$$anon$4.$anonfun$submitValid$1(ConcurrentRestrictions.scala:265)
[error] 	at sbt.CompletionService$$anon$2.call(CompletionService.scala:64)
[error] 	at java.base/java.util.concurrent.FutureTask.run(FutureTask.java:264)
[error] 	at java.base/java.util.concurrent.Executors$RunnableAdapter.call(Executors.java:539)
[error] 	at java.base/java.util.concurrent.FutureTask.run(FutureTask.java:264)
[error] 	at java.base/java.util.concurrent.ThreadPoolExecutor.runWorker(ThreadPoolExecutor.java:1136)
[error] 	at java.base/java.util.concurrent.ThreadPoolExecutor$Worker.run(ThreadPoolExecutor.java:635)
[error] 	at java.base/java.lang.Thread.run(Thread.java:833)
[error] (ssExtractDependencies) sbt.librarymanagement.ResolveException: Error downloading com.typesafe.play:play-json_3.1:2.10.0-RC2
[error]   Not found
[error]   Not found
[error]   not found: C:\Users\Sebastian\.ivy2\local\com.typesafe.play\play-json_3.1\2.10.0-RC2\ivys\ivy.xml
[error]   not found: https://repo1.maven.org/maven2/com/typesafe/play/play-json_3.1/2.10.0-RC2/play-json_3.1-2.10.0-RC2.pom
[error] Error downloading org.scalactic:scalactic_3.1:3.2.7
[error]   Not found
[error]   Not found
[error]   not found: C:\Users\Sebastian\.ivy2\local\org.scalactic\scalactic_3.1\3.2.7\ivys\ivy.xml
[error]   not found: https://repo1.maven.org/maven2/org/scalactic/scalactic_3.1/3.2.7/scalactic_3.1-3.2.7.pom
[error] Error downloading org.scala-lang:scala-library:3.1.1
[error]   Not found
[error]   Not found
[error]   not found: C:\Users\Sebastian\.ivy2\local\org.scala-lang\scala-library\3.1.1\ivys\ivy.xml
[error]   not found: https://repo1.maven.org/maven2/org/scala-lang/scala-library/3.1.1/scala-library-3.1.1.pom
[error] Error downloading net.codingwell:scala-guice_3.1:5.0.1
[error]   Not found
[error]   Not found
[error]   not found: C:\Users\Sebastian\.ivy2\local\net.codingwell\scala-guice_3.1\5.0.1\ivys\ivy.xml
[error]   not found: https://repo1.maven.org/maven2/net/codingwell/scala-guice_3.1/5.0.1/scala-guice_3.1-5.0.1.pom
[error] Error downloading org.scalafx:scalafx_3.1:15.0.1-R21
[error]   Not found
[error]   Not found
[error]   not found: C:\Users\Sebastian\.ivy2\local\org.scalafx\scalafx_3.1\15.0.1-R21\ivys\ivy.xml
[error]   not found: https://repo1.maven.org/maven2/org/scalafx/scalafx_3.1/15.0.1-R21/scalafx_3.1-15.0.1-R21.pom
